#
# There is insufficient memory for the Java Runtime Environment to continue.
# Native memory allocation (malloc) failed to allocate 1072496 bytes for Chunk::new
# Possible reasons:
#   The system is out of physical RAM or swap space
#   The process is running with CompressedOops enabled, and the Java Heap may be blocking the growth of the native heap
# Possible solutions:
#   Reduce memory load on the system
#   Increase physical memory or swap space
#   Check if swap backing store is full
#   Decrease Java heap size (-Xmx/-Xms)
#   Decrease number of Java threads
#   Decrease Java thread stack sizes (-Xss)
#   Set larger code cache with -XX:ReservedCodeCacheSize=
#   JVM is running with Unscaled Compressed Oops mode in which the Java heap is
#     placed in the first 4GB address space. The Java Heap base address is the
#     maximum limit for the native heap growth. Please use -XX:HeapBaseMinAddress
#     to set the Java Heap base and to place the Java Heap above 4GB virtual address.
# This output file may be truncated or incomplete.
#
#  Out of Memory Error (allocation.cpp:389), pid=6896, tid=0x00000000000011d8
#
# JRE version: OpenJDK Runtime Environment (8.0_202-b03) (build 1.8.0_202-release-1483-b03)
# Java VM: OpenJDK 64-Bit Server VM (25.202-b03 mixed mode windows-amd64 compressed oops)
# Failed to write core dump. Minidumps are not enabled by default on client versions of Windows
#

---------------  T H R E A D  ---------------

Current thread (0x0000000016c00800):  JavaThread "C2 CompilerThread0" daemon [_thread_in_native, id=4568, stack(0x0000000018230000,0x0000000018330000)]

Stack: [0x0000000018230000,0x0000000018330000]
[error occurred during error reporting (printing stack bounds), id 0xc0000005]

Native frames: (J=compiled Java code, j=interpreted, Vv=VM code, C=native code)


Current CompileTask:
C2:  23613 3409   !   4       org.jetbrains.kotlin.metadata.ProtoBuf$Function::<init> (1112 bytes)


---------------  P R O C E S S  ---------------

Java Threads: ( => current thread )
  0x0000000018559000 JavaThread "Service Thread" daemon [_thread_blocked, id=1084, stack(0x0000000018930000,0x0000000018a30000)]
  0x0000000016c0a800 JavaThread "C1 CompilerThread2" daemon [_thread_blocked, id=8172, stack(0x0000000018430000,0x0000000018530000)]
  0x0000000016c04800 JavaThread "C2 CompilerThread1" daemon [_thread_in_native, id=6884, stack(0x0000000018330000,0x0000000018430000)]
=>0x0000000016c00800 JavaThread "C2 CompilerThread0" daemon [_thread_in_native, id=4568, stack(0x0000000018230000,0x0000000018330000)]
  0x0000000016bff000 JavaThread "Attach Listener" daemon [_thread_blocked, id=5304, stack(0x0000000018130000,0x0000000018230000)]
  0x0000000016c0c800 JavaThread "Signal Dispatcher" daemon [_thread_blocked, id=4104, stack(0x0000000018030000,0x0000000018130000)]
  0x00000000020ac000 JavaThread "Finalizer" daemon [_thread_blocked, id=5332, stack(0x0000000017e50000,0x0000000017f50000)]
  0x0000000016be9000 JavaThread "Reference Handler" daemon [_thread_blocked, id=1344, stack(0x0000000017d50000,0x0000000017e50000)]
  0x0000000001fb8000 JavaThread "main" [_thread_in_Java, id=3184, stack(0x0000000001e20000,0x0000000001f20000)]

Other Threads:
  0x0000000016bc7000 VMThread [stack: 0x0000000017c50000,0x0000000017d50000] [id=960]
  0x0000000018569800 WatcherThread [stack: 0x0000000018a30000,0x0000000018b30000] [id=4360]

VM state:not at safepoint (normal execution)

VM Mutex/Monitor currently owned by a thread: None

heap address: 0x0000000081800000, size: 2024 MB, Compressed Oops mode: 32-bit
Narrow klass base: 0x0000000000000000, Narrow klass shift: 3
Compressed class space size: 1073741824 Address: 0x0000000100000000

Heap:
 PSYoungGen      total 65024K, used 15112K [0x00000000d5d80000, 0x00000000dc700000, 0x0000000100000000)
  eden space 51200K, 9% used [0x00000000d5d80000,0x00000000d626b440,0x00000000d8f80000)
  from space 13824K, 72% used [0x00000000d8f80000,0x00000000d9956bd0,0x00000000d9d00000)
  to   space 13824K, 0% used [0x00000000db980000,0x00000000db980000,0x00000000dc700000)
 ParOldGen       total 77824K, used 18888K [0x0000000081800000, 0x0000000086400000, 0x00000000d5d80000)
  object space 77824K, 24% used [0x0000000081800000,0x0000000082a721b8,0x0000000086400000)
 Metaspace       used 39227K, capacity 39888K, committed 40320K, reserved 1085440K
  class space    used 4952K, capacity 5145K, committed 5248K, reserved 1048576K

Card table byte_map: [0x0000000011470000,0x0000000011870000] byte_map_base: 0x0000000011064000

Marking Bits: (ParMarkBitMap*) 0x0000000073039f30
 Begin Bits: [0x0000000011f20000, 0x0000000013ec0000)
 End Bits:   [0x0000000013ec0000, 0x0000000015e60000)

Polling page: 0x00000000006e0000

CodeCache: size=245760Kb used=10312Kb max_used=10312Kb free=235447Kb
 bounds [0x00000000020b0000, 0x0000000002ad0000, 0x00000000110b0000]
 total_blobs=3687 nmethods=3240 adapters=359
 compilation: enabled

Compilation events (10 events):
Event: 23.597 Thread 0x0000000016c0a800 3528       2       org.jetbrains.kotlin.metadata.ProtoBuf$Package::getDefaultInstanceForType (5 bytes)
Event: 23.597 Thread 0x0000000016c0a800 nmethod 3528 0x0000000002abd090 code [0x0000000002abd1e0, 0x0000000002abd330]
Event: 23.597 Thread 0x0000000016c0a800 3529       2       org.jetbrains.kotlin.metadata.ProtoBuf$Package::getDefaultInstanceForType (4 bytes)
Event: 23.597 Thread 0x0000000016c0a800 nmethod 3529 0x0000000002acb2d0 code [0x0000000002acb420, 0x0000000002acb570]
Event: 23.599 Thread 0x0000000016c0a800 3530       2       org.jetbrains.kotlin.metadata.ProtoBuf$Package::isInitialized (165 bytes)
Event: 23.600 Thread 0x0000000016c0a800 nmethod 3530 0x0000000002acb610 code [0x0000000002acb840, 0x0000000002acbe68]
Event: 23.606 Thread 0x0000000016c0a800 3532       2       kotlin.collections.EmptySet::size (5 bytes)
Event: 23.607 Thread 0x0000000016c0a800 nmethod 3532 0x0000000002acc2d0 code [0x0000000002acc420, 0x0000000002acc570]
Event: 23.608 Thread 0x0000000016c0a800 3533       1       org.jetbrains.kotlin.resolve.QualifiedExpressionResolver$QualifierPart::getExpression (2 bytes)
Event: 23.608 Thread 0x0000000016c0a800 nmethod 3533 0x0000000002acc610 code [0x0000000002acc760, 0x0000000002acc870]

GC Heap History (10 events):
Event: 17.338 GC heap before
{Heap before GC invocations=5 (full 1):
 PSYoungGen      total 38400K, used 33280K [0x00000000d5d80000, 0x00000000d8800000, 0x0000000100000000)
  eden space 33280K, 100% used [0x00000000d5d80000,0x00000000d7e00000,0x00000000d7e00000)
  from space 5120K, 0% used [0x00000000d7e00000,0x00000000d7e00000,0x00000000d8300000)
  to   space 5120K, 0% used [0x00000000d8300000,0x00000000d8300000,0x00000000d8800000)
 ParOldGen       total 47104K, used 8383K [0x0000000081800000, 0x0000000084600000, 0x00000000d5d80000)
  object space 47104K, 17% used [0x0000000081800000,0x000000008202ff58,0x0000000084600000)
 Metaspace       used 24603K, capacity 25048K, committed 25216K, reserved 1071104K
  class space    used 3231K, capacity 3380K, committed 3456K, reserved 1048576K
Event: 17.350 GC heap after
Heap after GC invocations=5 (full 1):
 PSYoungGen      total 38400K, used 5091K [0x00000000d5d80000, 0x00000000d8800000, 0x0000000100000000)
  eden space 33280K, 0% used [0x00000000d5d80000,0x00000000d5d80000,0x00000000d7e00000)
  from space 5120K, 99% used [0x00000000d8300000,0x00000000d87f8e38,0x00000000d8800000)
  to   space 5120K, 0% used [0x00000000d7e00000,0x00000000d7e00000,0x00000000d8300000)
 ParOldGen       total 47104K, used 10675K [0x0000000081800000, 0x0000000084600000, 0x00000000d5d80000)
  object space 47104K, 22% used [0x0000000081800000,0x000000008226cc40,0x0000000084600000)
 Metaspace       used 24603K, capacity 25048K, committed 25216K, reserved 1071104K
  class space    used 3231K, capacity 3380K, committed 3456K, reserved 1048576K
}
Event: 18.054 GC heap before
{Heap before GC invocations=6 (full 1):
 PSYoungGen      total 38400K, used 38371K [0x00000000d5d80000, 0x00000000d8800000, 0x0000000100000000)
  eden space 33280K, 100% used [0x00000000d5d80000,0x00000000d7e00000,0x00000000d7e00000)
  from space 5120K, 99% used [0x00000000d8300000,0x00000000d87f8e38,0x00000000d8800000)
  to   space 5120K, 0% used [0x00000000d7e00000,0x00000000d7e00000,0x00000000d8300000)
 ParOldGen       total 47104K, used 10675K [0x0000000081800000, 0x0000000084600000, 0x00000000d5d80000)
  object space 47104K, 22% used [0x0000000081800000,0x000000008226cc40,0x0000000084600000)
 Metaspace       used 30071K, capacity 30566K, committed 30720K, reserved 1075200K
  class space    used 3899K, capacity 4057K, committed 4096K, reserved 1048576K
Event: 18.066 GC heap after
Heap after GC invocations=6 (full 1):
 PSYoungGen      total 38400K, used 5090K [0x00000000d5d80000, 0x00000000dab80000, 0x0000000100000000)
  eden space 33280K, 0% used [0x00000000d5d80000,0x00000000d5d80000,0x00000000d7e00000)
  from space 5120K, 99% used [0x00000000d7e00000,0x00000000d82f8908,0x00000000d8300000)
  to   space 13824K, 0% used [0x00000000d9e00000,0x00000000d9e00000,0x00000000dab80000)
 ParOldGen       total 47104K, used 19020K [0x0000000081800000, 0x0000000084600000, 0x00000000d5d80000)
  object space 47104K, 40% used [0x0000000081800000,0x0000000082a93078,0x0000000084600000)
 Metaspace       used 30071K, capacity 30566K, committed 30720K, reserved 1075200K
  class space    used 3899K, capacity 4057K, committed 4096K, reserved 1048576K
}
Event: 22.388 GC heap before
{Heap before GC invocations=7 (full 1):
 PSYoungGen      total 38400K, used 30606K [0x00000000d5d80000, 0x00000000dab80000, 0x0000000100000000)
  eden space 33280K, 76% used [0x00000000d5d80000,0x00000000d766afc8,0x00000000d7e00000)
  from space 5120K, 99% used [0x00000000d7e00000,0x00000000d82f8908,0x00000000d8300000)
  to   space 13824K, 0% used [0x00000000d9e00000,0x00000000d9e00000,0x00000000dab80000)
 ParOldGen       total 47104K, used 19020K [0x0000000081800000, 0x0000000084600000, 0x00000000d5d80000)
  object space 47104K, 40% used [0x0000000081800000,0x0000000082a93078,0x0000000084600000)
 Metaspace       used 34828K, capacity 35346K, committed 35496K, reserved 1081344K
  class space    used 4460K, capacity 4604K, committed 4608K, reserved 1048576K
Event: 22.402 GC heap after
Heap after GC invocations=7 (full 1):
 PSYoungGen      total 64000K, used 11299K [0x00000000d5d80000, 0x00000000daa80000, 0x0000000100000000)
  eden space 51200K, 0% used [0x00000000d5d80000,0x00000000d5d80000,0x00000000d8f80000)
  from space 12800K, 88% used [0x00000000d9e00000,0x00000000da908cf8,0x00000000daa80000)
  to   space 13824K, 0% used [0x00000000d8f80000,0x00000000d8f80000,0x00000000d9d00000)
 ParOldGen       total 47104K, used 19028K [0x0000000081800000, 0x0000000084600000, 0x00000000d5d80000)
  object space 47104K, 40% used [0x0000000081800000,0x0000000082a95078,0x0000000084600000)
 Metaspace       used 34828K, capacity 35346K, committed 35496K, reserved 1081344K
  class space    used 4460K, capacity 4604K, committed 4608K, reserved 1048576K
}
Event: 22.402 GC heap before
{Heap before GC invocations=8 (full 2):
 PSYoungGen      total 64000K, used 11299K [0x00000000d5d80000, 0x00000000daa80000, 0x0000000100000000)
  eden space 51200K, 0% used [0x00000000d5d80000,0x00000000d5d80000,0x00000000d8f80000)
  from space 12800K, 88% used [0x00000000d9e00000,0x00000000da908cf8,0x00000000daa80000)
  to   space 13824K, 0% used [0x00000000d8f80000,0x00000000d8f80000,0x00000000d9d00000)
 ParOldGen       total 47104K, used 19028K [0x0000000081800000, 0x0000000084600000, 0x00000000d5d80000)
  object space 47104K, 40% used [0x0000000081800000,0x0000000082a95078,0x0000000084600000)
 Metaspace       used 34828K, capacity 35346K, committed 35496K, reserved 1081344K
  class space    used 4460K, capacity 4604K, committed 4608K, reserved 1048576K
Event: 22.498 GC heap after
Heap after GC invocations=8 (full 2):
 PSYoungGen      total 64000K, used 0K [0x00000000d5d80000, 0x00000000daa80000, 0x0000000100000000)
  eden space 51200K, 0% used [0x00000000d5d80000,0x00000000d5d80000,0x00000000d8f80000)
  from space 12800K, 0% used [0x00000000d9e00000,0x00000000d9e00000,0x00000000daa80000)
  to   space 13824K, 0% used [0x00000000d8f80000,0x00000000d8f80000,0x00000000d9d00000)
 ParOldGen       total 77824K, used 18880K [0x0000000081800000, 0x0000000086400000, 0x00000000d5d80000)
  object space 77824K, 24% used [0x0000000081800000,0x0000000082a701b8,0x0000000086400000)
 Metaspace       used 34828K, capacity 35346K, committed 35496K, reserved 1081344K
  class space    used 4460K, capacity 4604K, committed 4608K, reserved 1048576K
}
Event: 23.555 GC heap before
{Heap before GC invocations=9 (full 2):
 PSYoungGen      total 64000K, used 51200K [0x00000000d5d80000, 0x00000000daa80000, 0x0000000100000000)
  eden space 51200K, 100% used [0x00000000d5d80000,0x00000000d8f80000,0x00000000d8f80000)
  from space 12800K, 0% used [0x00000000d9e00000,0x00000000d9e00000,0x00000000daa80000)
  to   space 13824K, 0% used [0x00000000d8f80000,0x00000000d8f80000,0x00000000d9d00000)
 ParOldGen       total 77824K, used 18880K [0x0000000081800000, 0x0000000086400000, 0x00000000d5d80000)
  object space 77824K, 24% used [0x0000000081800000,0x0000000082a701b8,0x0000000086400000)
 Metaspace       used 39203K, capacity 39824K, committed 40064K, reserved 1083392K
  class space    used 4952K, capacity 5145K, committed 5248K, reserved 1048576K
Event: 23.571 GC heap after
Heap after GC invocations=9 (full 2):
 PSYoungGen      total 65024K, used 10074K [0x00000000d5d80000, 0x00000000dc700000, 0x0000000100000000)
  eden space 51200K, 0% used [0x00000000d5d80000,0x00000000d5d80000,0x00000000d8f80000)
  from space 13824K, 72% used [0x00000000d8f80000,0x00000000d9956bd0,0x00000000d9d00000)
  to   space 13824K, 0% used [0x00000000db980000,0x00000000db980000,0x00000000dc700000)
 ParOldGen       total 77824K, used 18888K [0x0000000081800000, 0x0000000086400000, 0x00000000d5d80000)
  object space 77824K, 24% used [0x0000000081800000,0x0000000082a721b8,0x0000000086400000)
 Metaspace       used 39203K, capacity 39824K, committed 40064K, reserved 1083392K
  class space    used 4952K, capacity 5145K, committed 5248K, reserved 1048576K
}

Deoptimization events (10 events):
Event: 22.763 Thread 0x0000000001fb8000 Uncommon trap: reason=bimorphic action=maybe_recompile pc=0x00000000026b9c2c method=org.jetbrains.kotlin.protobuf.CodedInputStream.tryRefillBuffer(I)Z @ 177
Event: 22.872 Thread 0x0000000001fb8000 Uncommon trap: reason=class_check action=maybe_recompile pc=0x0000000002233434 method=org.jetbrains.kotlin.com.intellij.openapi.util.text.StringUtilRt.lastIndexOf(Ljava/lang/CharSequence;CII)I @ 17
Event: 22.872 Thread 0x0000000001fb8000 Uncommon trap: reason=class_check action=maybe_recompile pc=0x0000000002233434 method=org.jetbrains.kotlin.com.intellij.openapi.util.text.StringUtilRt.lastIndexOf(Ljava/lang/CharSequence;CII)I @ 17
Event: 22.872 Thread 0x0000000001fb8000 Uncommon trap: reason=class_check action=maybe_recompile pc=0x0000000002233434 method=org.jetbrains.kotlin.com.intellij.openapi.util.text.StringUtilRt.lastIndexOf(Ljava/lang/CharSequence;CII)I @ 17
Event: 22.872 Thread 0x0000000001fb8000 Uncommon trap: reason=class_check action=maybe_recompile pc=0x0000000002233434 method=org.jetbrains.kotlin.com.intellij.openapi.util.text.StringUtilRt.lastIndexOf(Ljava/lang/CharSequence;CII)I @ 17
Event: 22.922 Thread 0x0000000001fb8000 Uncommon trap: reason=unstable_if action=reinterpret pc=0x000000000251a06c method=gnu.trove.TObjectHash.insertionIndex(Ljava/lang/Object;)I @ 65
Event: 23.017 Thread 0x0000000001fb8000 Uncommon trap: reason=unstable_if action=reinterpret pc=0x00000000027d17a4 method=java.lang.AbstractStringBuilder.append(Ljava/lang/CharSequence;)Ljava/lang/AbstractStringBuilder; @ 29
Event: 23.062 Thread 0x0000000001fb8000 Uncommon trap: reason=unstable_if action=reinterpret pc=0x0000000002976eb0 method=org.jetbrains.kotlin.name.Name.hashCode()I @ 16
Event: 23.085 Thread 0x0000000001fb8000 Uncommon trap: reason=bimorphic action=maybe_recompile pc=0x0000000002487ac8 method=java.util.HashMap.putVal(ILjava/lang/Object;Ljava/lang/Object;ZZ)Ljava/lang/Object; @ 203
Event: 23.085 Thread 0x0000000001fb8000 Uncommon trap: reason=bimorphic action=maybe_recompile pc=0x0000000002487ac8 method=java.util.HashMap.putVal(ILjava/lang/Object;Ljava/lang/Object;ZZ)Ljava/lang/Object; @ 203

Classes redefined (0 events):
No events

Internal exceptions (10 events):
Event: 7.861 Thread 0x0000000001fb8000 Exception <a 'java/lang/NoSuchMethodError': java.lang.Object.lambda$static$0(I)[Lorg/jetbrains/kotlin/com/intellij/openapi/editor/event/DocumentListener;> (0x00000000d6826968) thrown at [D:\src\AOSP-openjdk-cygwin\jdk8u\hotspot\src\share\vm\interpreter\li
Event: 7.892 Thread 0x0000000001fb8000 Exception <a 'java/lang/NoSuchMethodError': java.lang.Object.lambda$static$0(I)[Lorg/jetbrains/kotlin/com/intellij/psi/PsiAnnotation;> (0x00000000d6a15b88) thrown at [D:\src\AOSP-openjdk-cygwin\jdk8u\hotspot\src\share\vm\interpreter\linkResolver.cpp, line
Event: 10.280 Thread 0x0000000001fb8000 Exception <a 'java/lang/NoSuchMethodError': java.lang.Object.lambda$static$0(I)[Lorg/jetbrains/kotlin/com/intellij/psi/PsiElement;> (0x00000000d6002518) thrown at [D:\src\AOSP-openjdk-cygwin\jdk8u\hotspot\src\share\vm\interpreter\linkResolver.cpp, line 62
Event: 17.705 Thread 0x0000000001fb8000 Exception <a 'java/lang/ArrayIndexOutOfBoundsException': 108> (0x00000000d6e81740) thrown at [D:\src\AOSP-openjdk-cygwin\jdk8u\hotspot\src\share\vm\interpreter\interpreterRuntime.cpp, line 368]
Event: 17.706 Thread 0x0000000001fb8000 Exception <a 'java/lang/ArrayIndexOutOfBoundsException': 92> (0x00000000d6e82e20) thrown at [D:\src\AOSP-openjdk-cygwin\jdk8u\hotspot\src\share\vm\interpreter\interpreterRuntime.cpp, line 368]
Event: 17.706 Thread 0x0000000001fb8000 Exception <a 'java/lang/ArrayIndexOutOfBoundsException': 40> (0x00000000d6e83f98) thrown at [D:\src\AOSP-openjdk-cygwin\jdk8u\hotspot\src\share\vm\interpreter\interpreterRuntime.cpp, line 368]
Event: 21.767 Thread 0x0000000001fb8000 Exception <a 'java/lang/NoSuchMethodError': java.lang.Object.lambda$static$0(I)[Lorg/jetbrains/kotlin/psi/KtExpression;> (0x00000000d6d96938) thrown at [D:\src\AOSP-openjdk-cygwin\jdk8u\hotspot\src\share\vm\interpreter\linkResolver.cpp, line 620]
Event: 22.282 Thread 0x0000000001fb8000 Exception <a 'java/lang/NoSuchMethodError': java.lang.Object.lambda$static$0(I)[Lorg/jetbrains/kotlin/psi/KtDeclaration;> (0x00000000d71eb770) thrown at [D:\src\AOSP-openjdk-cygwin\jdk8u\hotspot\src\share\vm\interpreter\linkResolver.cpp, line 620]
Event: 22.328 Thread 0x0000000001fb8000 Exception <a 'java/lang/NoSuchMethodError': java.lang.Object.lambda$static$0(I)[Lorg/jetbrains/kotlin/psi/KtTypeElement;> (0x00000000d732e848) thrown at [D:\src\AOSP-openjdk-cygwin\jdk8u\hotspot\src\share\vm\interpreter\linkResolver.cpp, line 620]
Event: 23.021 Thread 0x0000000001fb8000 Exception <a 'java/lang/NoSuchMethodError': java.lang.Object.lambda$static$0(I)[Lorg/jetbrains/kotlin/com/intellij/psi/PsiClass;> (0x00000000d6f3a4a0) thrown at [D:\src\AOSP-openjdk-cygwin\jdk8u\hotspot\src\share\vm\interpreter\linkResolver.cpp, line 620]

Events (10 events):
Event: 23.555 Executing VM operation: ParallelGCFailedAllocation
Event: 23.571 Executing VM operation: ParallelGCFailedAllocation done
Event: 23.572 Executing VM operation: RevokeBias
Event: 23.572 Executing VM operation: RevokeBias done
Event: 23.572 Executing VM operation: RevokeBias
Event: 23.572 Executing VM operation: RevokeBias done
Event: 23.572 Executing VM operation: RevokeBias
Event: 23.572 Executing VM operation: RevokeBias done
Event: 23.573 Executing VM operation: BulkRevokeBias
Event: 23.573 Executing VM operation: BulkRevokeBias done


Dynamic libraries:
0x00007ff6e3f10000 - 0x00007ff6e3f41000 	C:\Program Files\Android\Android Studio\jre\jre\bin\java.exe
0x00007ffc8a250000 - 0x00007ffc8a3fd000 	C:\Windows\SYSTEM32\ntdll.dll
0x00007ffc89bc0000 - 0x00007ffc89cfe000 	C:\Windows\system32\KERNEL32.DLL
0x00007ffc877b0000 - 0x00007ffc878c5000 	C:\Windows\system32\KERNELBASE.dll
0x00007ffc881d0000 - 0x00007ffc8827a000 	C:\Windows\system32\ADVAPI32.dll
0x00007ffc879a0000 - 0x00007ffc87b17000 	C:\Windows\system32\USER32.dll
0x00007ffc83c40000 - 0x00007ffc83ebb000 	C:\Windows\WinSxS\amd64_microsoft.windows.common-controls_6595b64144ccf1df_6.0.9600.18006_none_623f33d3ecbe86e8\COMCTL32.dll
0x00007ffc89b10000 - 0x00007ffc89bba000 	C:\Windows\system32\msvcrt.dll
0x00007ffc89900000 - 0x00007ffc89959000 	C:\Windows\SYSTEM32\sechost.dll
0x00007ffc88280000 - 0x00007ffc883c1000 	C:\Windows\system32\RPCRT4.dll
0x00007ffc87fb0000 - 0x00007ffc880fb000 	C:\Windows\system32\GDI32.dll
0x00007ffc875a0000 - 0x00007ffc875ce000 	C:\Windows\system32\SspiCli.dll
0x00007ffc89fd0000 - 0x00007ffc8a006000 	C:\Windows\system32\IMM32.DLL
0x00007ffc87b80000 - 0x00007ffc87cd1000 	C:\Windows\system32\MSCTF.dll
0x00000000726b0000 - 0x0000000072782000 	C:\Program Files\Android\Android Studio\jre\jre\bin\msvcr100.dll
0x0000000072870000 - 0x00000000730b6000 	C:\Program Files\Android\Android Studio\jre\jre\bin\server\jvm.dll
0x00007ffc854f0000 - 0x00007ffc854f9000 	C:\Windows\SYSTEM32\WSOCK32.dll
0x00007ffc85560000 - 0x00007ffc85582000 	C:\Windows\SYSTEM32\WINMM.dll
0x00007ffc83220000 - 0x00007ffc8322a000 	C:\Windows\SYSTEM32\VERSION.dll
0x00007ffc878d0000 - 0x00007ffc878d7000 	C:\Windows\system32\PSAPI.DLL
0x00007ffc89eb0000 - 0x00007ffc89f0a000 	C:\Windows\system32\WS2_32.dll
0x00007ffc818f0000 - 0x00007ffc8191a000 	C:\Windows\SYSTEM32\WINMMBASE.dll
0x00007ffc8a010000 - 0x00007ffc8a019000 	C:\Windows\system32\NSI.dll
0x00007ffc874a0000 - 0x00007ffc874ef000 	C:\Windows\SYSTEM32\cfgmgr32.dll
0x00007ffc86140000 - 0x00007ffc86168000 	C:\Windows\SYSTEM32\DEVOBJ.dll
0x00007ffc854e0000 - 0x00007ffc854ef000 	C:\Program Files\Android\Android Studio\jre\jre\bin\verify.dll
0x00007ffc837c0000 - 0x00007ffc837e9000 	C:\Program Files\Android\Android Studio\jre\jre\bin\java.dll
0x00007ffc837a0000 - 0x00007ffc837b6000 	C:\Program Files\Android\Android Studio\jre\jre\bin\zip.dll
0x00007ffc883d0000 - 0x00007ffc898f9000 	C:\Windows\system32\SHELL32.dll
0x00007ffc8a030000 - 0x00007ffc8a242000 	C:\Windows\SYSTEM32\combase.dll
0x00007ffc87b20000 - 0x00007ffc87b74000 	C:\Windows\system32\SHLWAPI.dll
0x00007ffc85230000 - 0x00007ffc852e2000 	C:\Windows\SYSTEM32\SHCORE.dll
0x00007ffc87370000 - 0x00007ffc87385000 	C:\Windows\SYSTEM32\profapi.dll
0x00007ffc7baf0000 - 0x00007ffc7bb0a000 	C:\Program Files\Android\Android Studio\jre\jre\bin\net.dll
0x00007ffc86c70000 - 0x00007ffc86cc9000 	C:\Windows\system32\mswsock.dll
0x00007ffc7bad0000 - 0x00007ffc7bae1000 	C:\Program Files\Android\Android Studio\jre\jre\bin\nio.dll

VM Arguments:
java_command: org.jetbrains.kotlin.cli.jvm.K2JVMCompiler -Xallow-no-source-files -classpath C:\Users\Xlix Infotech\.gradle\caches\transforms-2\files-2.1\735d7876329f72d0b175da43d9c91914\databinding-adapters-3.5.1\jars\classes.jar;C:\Users\Xlix Infotech\.gradle\caches\transforms-2\files-2.1\f1f93b72e8e14f75ae334a355ba0f21c\databinding-runtime-3.5.1\jars\classes.jar;C:\Users\Xlix Infotech\.gradle\caches\modules-2\files-2.1\androidx.databinding\databinding-common\3.5.1\87fe6cba225d6a73d13f7c1f0b6932135ffa45ae\databinding-common-3.5.1.jar;C:\Users\Xlix Infotech\.gradle\caches\transforms-2\files-2.1\c7fb4cb1009f2cd4a53f4dfa0485b4cb\lifecycle-extensions-2.1.0\jars\classes.jar;C:\Users\Xlix Infotech\.gradle\caches\transforms-2\files-2.1\db69cba01032e93da8d77ce3819d5dab\jetified-navigation-ui-2.1.0\jars\classes.jar;C:\Users\Xlix Infotech\.gradle\caches\transforms-2\files-2.1\5e519acd9eaeb530df42574e10fbdee7\material-1.1.0-alpha09\jars\classes.jar;C:\Users\Xlix Infotech\.gradle\caches\transforms-2\files-2.1\5b411b7a80905ffa4826ba34c73c20af\legacy-support-v4-1.0.0\jars\classes.jar;C:\Users\Xlix Infotech\.gradle\caches\transforms-2\files-2.1\60af47931330cdcd53eeaac90efebf20\viewpager2-1.0.0-beta02\jars\classes.jar;C:\Users\Xlix Infotech\.gradle\caches\transforms-2\files-2.1\4eec350f73d993a4583cfbbfa8b0b844\recyclerview-1.1.0-beta03\jars\classes.jar;C:\Users\Xlix Infotech\.gradle\caches\transforms-2\files-2.1\b9970c4183a4af36e6b81536c272ea5e\jetified-calligraphy-2.3.0\jars\classes.jar;C:\Users\Xlix Infotech\.gradle\caches\transforms-2\files-2.1\fb9ba0a8dd1033b7def097255586a2f3\appcompat-1.1.0\jars\classes.jar;C:\Users\Xlix Infotech\.gradle\caches\transforms-2\files-2.1\a98b12101a2c70fa7e8f0cc3f4335eeb\media-1.0.0\jars\classes.jar;C:\Users\Xlix Infotech\.gradle\caches\transforms-2\files-2.1\bdab2fb35f7922ac050202c295008111\legacy-support-core-ui-1.0.0\jars\classes.jar;C:\Users\Xlix Infotech\.gradle\caches\transforms-2\files-2.1\c181e3e798e6725627484765b761bfa8\legacy-support-c
java_class_path (initial): C:\Users\Xlix Infotech\.gradle\caches\modules-2\files-2.1\org.jetbrains.kotlin\kotlin-compiler-embeddable\1.3.41\6b1d4385d65894e07a0d14a5949f5417a408f0b7\kotlin-compiler-embeddable-1.3.41.jar;C:\Users\Xlix Infotech\.gradle\caches\modules-2\files-2.1\org.jetbrains.kotlin\kotlin-reflect\1.3.41\8fb58b8954661de666e321478bf4178c18ce8018\kotlin-reflect-1.3.41.jar;C:\Users\Xlix Infotech\.gradle\caches\modules-2\files-2.1\org.jetbrains.kotlin\kotlin-stdlib\1.3.41\e24bd38de28a326cce8b1f0d61e809e9a92dad6a\kotlin-stdlib-1.3.41.jar;C:\Users\Xlix Infotech\.gradle\caches\modules-2\files-2.1\org.jetbrains.kotlin\kotlin-script-runtime\1.3.41\bcc3380041bbba171119c22d7024961b60da69e0\kotlin-script-runtime-1.3.41.jar;C:\Users\Xlix Infotech\.gradle\caches\modules-2\files-2.1\org.jetbrains.intellij.deps\trove4j\1.0.20181211\216c2e14b070f334479d800987affe4054cd563f\trove4j-1.0.20181211.jar;C:\Users\Xlix Infotech\.gradle\caches\modules-2\files-2.1\org.jetbrains.kotlin\kotlin-stdlib-common\1.3.41\2ecf4aa059427d7186312fd1736afedf7972e7f7\kotlin-stdlib-common-1.3.41.jar;C:\Users\Xlix Infotech\.gradle\caches\modules-2\files-2.1\org.jetbrains\annotations\13.0\919f0dfe192fb4e063e7dacadee7f8bb9a2672a9\annotations-13.0.jar;C:\Program Files\Android\Android Studio\jre\lib\tools.jar
Launcher Type: SUN_STANDARD

Environment Variables:
JAVA_HOME=C:\Program Files\Java\jdk-12.0.1
PATH=C:\Python27\;C:\Python27\Scripts;C:\Program Files (x86)\Common Files\Oracle\Java\javapath;C:\Program Files\Java\jdk-12.0.1\bin;C:\ProgramData\chocolatey\bin;C:\Program Files\nodejs\;C:\xampp\php;C:\composer;C:\Program Files\PuTTY\;C:\Program Files\Java\jdk-12.0.1\bin;C:\Users\Xlix Infotech\AppData\Local\Programs\Microsoft VS Code\bin;C:\Users\Xlix Infotech\AppData\Roaming\npm;C:\Users\Xlix Infotech\AppData\Roaming\Composer\vendor\bin
USERNAME=Xlix Infotech
OS=Windows_NT
PROCESSOR_IDENTIFIER=Intel64 Family 6 Model 42 Stepping 7, GenuineIntel



---------------  S Y S T E M  ---------------

OS: Windows 8.1 , 64 bit Build 9600 (6.3.9600.17415)

CPU:total 4 (initial active 4) (2 cores per cpu, 2 threads per core) family 6 model 42 stepping 7, cmov, cx8, fxsr, mmx, sse, sse2, sse3, ssse3, sse4.1, sse4.2, popcnt, avx, aes, clmul, ht, tsc, tscinvbit

Memory: 4k page, physical 8283064k(288048k free), swap 33448888k(5328k free)

vm_info: OpenJDK 64-Bit Server VM (25.202-b03) for windows-amd64 JRE (1.8.0_202-release-1483-b03), built by "builder" with MS VC++ 10.0 (VS2010)

time: Thu Jan 16 15:30:42 2020
timezone: India Standard Time
elapsed time: 23 seconds (0d 0h 0m 23s)

